
An unexpected exception has been detected in native code outside the VM.
Unexpected Signal : EXCEPTION_ACCESS_VIOLATION occurred at PC=0x6D0AF31C
Function name=Java_sun_awt_image_ImagingLib_init
Library=C:\jdk1.3\jre\bin\awt.dll

Current Java thread:
	at sun.awt.image.ImagingLib.transformBI(Native Method)
	at sun.awt.image.ImagingLib.filter(ImagingLib.java:212)
	at java.awt.image.AffineTransformOp.filter(AffineTransformOp.java:252)
	at sun.java2d.SunGraphics2D.renderingPipeImage(SunGraphics2D.java:2160)
	at sun.java2d.SunGraphics2D.drawImage(SunGraphics2D.java:1756)
	at sun.java2d.SunGraphics2D.drawImage(SunGraphics2D.java:1737)
	at sun.awt.windows.WGraphics.drawImage(WGraphics.java:525)
	at sun.awt.windows.WGraphics.drawImage(WGraphics.java:512)
	at gui.engine2D.animation.AnimationReal.run(AnimationReal.java:120)
	at java.lang.Thread.run(Thread.java:479)

Dynamic libraries:
0x00400000 - 0x00405000 	C:\jdk1.3\jre\bin\javaw.exe
0x77F40000 - 0x77FEE000 	C:\WINDOWS\System32\ntdll.dll
0x77E40000 - 0x77F38000 	C:\WINDOWS\system32\kernel32.dll
0x77DA0000 - 0x77E3C000 	C:\WINDOWS\system32\ADVAPI32.dll
0x78000000 - 0x78086000 	C:\WINDOWS\system32\RPCRT4.dll
0x77D10000 - 0x77D9C000 	C:\WINDOWS\system32\USER32.dll
0x77C40000 - 0x77C80000 	C:\WINDOWS\system32\GDI32.dll
0x77BE0000 - 0x77C33000 	C:\WINDOWS\system32\MSVCRT.dll
0x6D420000 - 0x6D4F8000 	C:\jdk1.3\jre\bin\hotspot\jvm.dll
0x76AF0000 - 0x76B1D000 	C:\WINDOWS\System32\WINMM.dll
0x6D220000 - 0x6D227000 	C:\jdk1.3\jre\bin\hpi.dll
0x6D3B0000 - 0x6D3BD000 	C:\jdk1.3\jre\bin\verify.dll
0x6D250000 - 0x6D268000 	C:\jdk1.3\jre\bin\java.dll
0x6D3C0000 - 0x6D3CD000 	C:\jdk1.3\jre\bin\zip.dll
0x6D020000 - 0x6D12B000 	C:\jdk1.3\jre\bin\awt.dll
0x72F70000 - 0x72F93000 	C:\WINDOWS\System32\WINSPOOL.DRV
0x76330000 - 0x7634C000 	C:\WINDOWS\System32\IMM32.dll
0x7CCC0000 - 0x7CDE1000 	C:\WINDOWS\system32\ole32.dll
0x6D1E0000 - 0x6D21B000 	C:\jdk1.3\jre\bin\fontmanager.dll
0x69500000 - 0x69A1A000 	C:\WINDOWS\System32\nvoglnt.dll
0x746A0000 - 0x746E4000 	C:\WINDOWS\System32\MSCTF.dll
0x63000000 - 0x63014000 	C:\WINDOWS\System32\SynTPFcs.dll
0x77BD0000 - 0x77BD7000 	C:\WINDOWS\system32\VERSION.dll
0x770F0000 - 0x7717B000 	C:\WINDOWS\system32\OLEAUT32.DLL
0x51000000 - 0x5104D000 	C:\WINDOWS\System32\ddraw.dll
0x73B30000 - 0x73B36000 	C:\WINDOWS\System32\DCIMAN32.dll
0x09410000 - 0x09423000 	C:\Programme\Dell\QuickSet\dadkeyb.dll
0x09440000 - 0x09450000 	C:\PROGRA~1\Dell\ACCESS~1\Dadkeyb.dll
0x76C50000 - 0x76C72000 	C:\WINDOWS\system32\imagehlp.dll
0x6DA00000 - 0x6DA7D000 	C:\WINDOWS\system32\DBGHELP.dll
0x76BB0000 - 0x76BBB000 	C:\WINDOWS\System32\PSAPI.DLL

Local Time = Fri Nov 25 22:47:18 2005
Elapsed Time = 7
#
# The exception above was detected in native code outside the VM
#
# Java VM: Java HotSpot(TM) Client VM (1.3.1_11-b02 mixed mode)
#
